------------------------------------------------------------------------------
                           GCC Code Coverage Report
Directory: .
------------------------------------------------------------------------------
File                                       Lines    Exec  Cover   Missing
------------------------------------------------------------------------------
src/modbus_parser.c                           68      68   100%
src/pid.c                                     42      42   100%
src/ring_buffer.c                             48      48   100%
src/sht30.c                                   35      35   100%
------------------------------------------------------------------------------
TOTAL                                        193     193   100%
------------------------------------------------------------------------------
