<?xml version='1.0' encoding='UTF-8'?>
<!DOCTYPE coverage SYSTEM 'http://cobertura.sourceforge.net/xml/coverage-04.dtd'>
<coverage line-rate="1.0" branch-rate="0.9788732394366197" lines-covered="193" lines-valid="193" branches-covered="139" branches-valid="142" complexity="0.0" timestamp="1789361646" version="gcovr 7.2"><sources><source>.</source></sources><packages><package name="src" line-rate="1.0" branch-rate="0.9788732394366197" complexity="0.0"><classes><class name="modbus_parser_c" filename="src/modbus_parser.c" line-rate="1.0" branch-rate="0.9814814814814815" complexity="0.0"><methods/><lines><line number="4" hits="39" branch="false"/><line number="7" hits="39" branch="true" condition-coverage="100% (4/4)"><conditions><condition number="0" type="jump" coverage="100%"/></conditions></line><line number="8" hits="2" branch="false"/><line number="10" hits="37" branch="false"/><line number="11" hits="270" branch="true" condition-coverage="100% (2/2)"><conditions><condition number="0" type="jump" coverage="100%"/></conditions></line><line number="12" hits="233" branch="false"/><line number="13" hits="2097" branch="true" condition-coverage="100% (2/2)"><conditions><condition number="0" type="jump" coverage="100%"/></conditions></line><line number="14" hits="1864" branch="true" condition-coverage="100% (2/2)"><conditions><condition number="0" type="jump" coverage="100%"/></conditions></line><line number="15" hits="951" branch="false"/><line number="17" hits="913" branch="false"/><line number="21" hits="37" branch="false"/><line number="25" hits="5" branch="false"/><line number="27" hits="5" branch="true" condition-coverage="100% (2/2)"><conditions><condition number="0" type="jump" coverage="100%"/></conditions></line><line number="28" hits="1" branch="false"/><line number="31" hits="4" branch="false"/><line number="32" hits="4" branch="true" condition-coverage="100% (4/4)"><conditions><condition number="0" type="jump" coverage="100%"/></conditions></line><line number="33" hits="2" branch="false"/><line number="35" hits="2" branch="false"/><line number="38" hits="6" branch="false"/><line number="41" hits="6" branch="true" condition-coverage="100% (2/2)"><conditions><condition number="0" type="jump" coverage="100%"/></conditions></line><line number="42" hits="1" branch="false"/><line number="44" hits="5" branch="false"/><line number="45" hits="5" branch="false"/><line number="46" hits="5" branch="true" condition-coverage="100% (4/4)"><conditions><condition number="0" type="jump" coverage="100%"/></conditions></line><line number="47" hits="2" branch="false"/><line number="50" hits="3" branch="true" condition-coverage="100% (2/2)"><conditions><condition number="0" type="jump" coverage="100%"/></conditions></line><line number="51" hits="1" branch="false"/><line number="53" hits="2" branch="true" condition-coverage="100% (2/2)"><conditions><condition number="0" type="jump" coverage="100%"/></conditions></line><line number="54" hits="1" branch="false"/><line number="56" hits="1" branch="false"/><line number="59" hits="24" branch="false"/><line number="64" hits="24" branch="true" condition-coverage="100% (4/4)"><conditions><condition number="0" type="jump" coverage="100%"/></conditions></line><line number="65" hits="2" branch="false"/><line number="68" hits="22" branch="true" condition-coverage="100% (4/4)"><conditions><condition number="0" type="jump" coverage="100%"/></conditions></line><line number="69" hits="2" branch="false"/><line number="73" hits="20" branch="false"/><line number="74" hits="20" branch="false"/><line number="75" hits="20" branch="false"/><line number="76" hits="20" branch="true" condition-coverage="100% (2/2)"><conditions><condition number="0" type="jump" coverage="100%"/></conditions></line><line number="77" hits="2" branch="false"/><line number="80" hits="18" branch="false"/><line number="81" hits="18" branch="false"/><line number="82" hits="18" branch="false"/><line number="83" hits="18" branch="false"/><line number="85" hits="18" branch="true" condition-coverage="100% (4/4)"><conditions><condition number="0" type="jump" coverage="100%"/></conditions></line><line number="86" hits="1" branch="false"/><line number="90" hits="17" branch="true" condition-coverage="100% (2/2)"><conditions><condition number="0" type="jump" coverage="100%"/></conditions></line><line number="92" hits="2" branch="true" condition-coverage="100% (2/2)"><conditions><condition number="0" type="jump" coverage="100%"/></conditions></line><line number="94" hits="15" branch="true" condition-coverage="100% (4/4)"><conditions><condition number="0" type="jump" coverage="100%"/></conditions></line><line number="95" hits="5" branch="false"/><line number="97" hits="5" branch="false"/><line number="98" hits="5" branch="false"/><line number="99" hits="3" branch="false"/><line number="100" hits="3" branch="true" condition-coverage="100% (2/2)"><conditions><condition number="0" type="jump" coverage="100%"/></conditions></line><line number="101" hits="3" branch="false"/><line number="102" hits="6" branch="false"/><line number="103" hits="6" branch="false"/><line number="104" hits="6" branch="false"/><line number="105" hits="1" branch="false"/><line number="106" hits="1" branch="false"/><line number="107" hits="1" branch="false"/><line number="112" hits="17" branch="true" condition-coverage="100% (2/2)"><conditions><condition number="0" type="jump" coverage="100%"/></conditions></line><line number="113" hits="6" branch="false"/><line number="114" hits="6" branch="false"/><line number="115" hits="6" branch="false"/><line number="116" hits="6" branch="true" condition-coverage="50% (1/2)"><conditions><condition number="0" type="jump" coverage="50%"/></conditions></line><line number="117" hits="6" branch="false"/><line number="120" hits="17" branch="false"/></lines></class><class name="pid_c" filename="src/pid.c" line-rate="1.0" branch-rate="1.0" complexity="0.0"><methods/><lines><line number="4" hits="33" branch="false"/><line number="6" hits="33" branch="true" condition-coverage="100% (2/2)"><conditions><condition number="0" type="jump" coverage="100%"/></conditions></line><line number="7" hits="1" branch="false"/><line number="10" hits="32" branch="true" condition-coverage="100% (2/2)"><conditions><condition number="0" type="jump" coverage="100%"/></conditions></line><line number="11" hits="2" branch="false"/><line number="13" hits="30" branch="false"/><line number="14" hits="30" branch="false"/><line number="15" hits="30" branch="false"/><line number="16" hits="30" branch="false"/><line number="17" hits="30" branch="false"/><line number="19" hits="30" branch="false"/><line number="20" hits="30" branch="false"/><line number="21" hits="30" branch="false"/><line number="22" hits="30" branch="false"/><line number="23" hits="30" branch="false"/><line number="26" hits="2" branch="false"/><line number="28" hits="2" branch="true" condition-coverage="100% (2/2)"><conditions><condition number="0" type="jump" coverage="100%"/></conditions></line><line number="29" hits="1" branch="false"/><line number="31" hits="1" branch="false"/><line number="32" hits="1" branch="false"/><line number="35" hits="134" branch="false"/><line number="37" hits="134" branch="true" condition-coverage="100% (4/4)"><conditions><condition number="0" type="jump" coverage="100%"/></conditions></line><line number="38" hits="2" branch="false"/><line number="41" hits="132" branch="true" condition-coverage="100% (2/2)"><conditions><condition number="0" type="jump" coverage="100%"/></conditions></line><line number="42" hits="2" branch="false"/><line number="45" hits="130" branch="false"/><line number="48" hits="130" branch="false"/><line number="49" hits="130" branch="true" condition-coverage="100% (2/2)"><conditions><condition number="0" type="jump" coverage="100%"/></conditions></line><line number="50" hits="40" branch="false"/><line number="52" hits="130" branch="true" condition-coverage="100% (2/2)"><conditions><condition number="0" type="jump" coverage="100%"/></conditions></line><line number="53" hits="40" branch="false"/><line number="58" hits="130" branch="false"/><line number="60" hits="130" branch="false"/><line number="61" hits="130" branch="false"/><line number="62" hits="130" branch="false"/><line number="64" hits="130" branch="true" condition-coverage="100% (2/2)"><conditions><condition number="0" type="jump" coverage="100%"/></conditions></line><line number="65" hits="1" branch="false"/><line number="67" hits="130" branch="true" condition-coverage="100% (2/2)"><conditions><condition number="0" type="jump" coverage="100%"/></conditions></line><line number="68" hits="1" branch="false"/><line number="71" hits="130" branch="false"/><line number="72" hits="130" branch="false"/><line number="73" hits="130" branch="false"/></lines></class><class name="ring_buffer_c" filename="src/ring_buffer.c" line-rate="1.0" branch-rate="0.9523809523809523" complexity="0.0"><methods/><lines><line number="3" hits="31" branch="false"/><line number="6" hits="31" branch="true" condition-coverage="100% (6/6)"><conditions><condition number="0" type="jump" coverage="100%"/></conditions></line><line number="7" hits="3" branch="false"/><line number="9" hits="28" branch="false"/><line number="10" hits="28" branch="false"/><line number="11" hits="28" branch="false"/><line number="12" hits="28" branch="false"/><line number="13" hits="28" branch="false"/><line number="14" hits="28" branch="false"/><line number="17" hits="75" branch="false"/><line number="20" hits="75" branch="true" condition-coverage="100% (4/4)"><conditions><condition number="0" type="jump" coverage="100%"/></conditions></line><line number="21" hits="2" branch="false"/><line number="24" hits="73" branch="true" condition-coverage="100% (2/2)"><conditions><condition number="0" type="jump" coverage="100%"/></conditions></line><line number="25" hits="3" branch="false"/><line number="27" hits="70" branch="false"/><line number="29" hits="70" branch="false"/><line number="30" hits="70" branch="false"/><line number="31" hits="70" branch="false"/><line number="34" hits="43" branch="false"/><line number="36" hits="43" branch="true" condition-coverage="100% (6/6)"><conditions><condition number="0" type="jump" coverage="100%"/></conditions></line><line number="37" hits="3" branch="false"/><line number="39" hits="40" branch="true" condition-coverage="100% (2/2)"><conditions><condition number="0" type="jump" coverage="100%"/></conditions></line><line number="40" hits="2" branch="false"/><line number="42" hits="38" branch="false"/><line number="43" hits="38" branch="false"/><line number="44" hits="38" branch="false"/><line number="45" hits="38" branch="false"/><line number="48" hits="5" branch="false"/><line number="50" hits="5" branch="true" condition-coverage="83% (5/6)"><conditions><condition number="0" type="jump" coverage="83%"/></conditions></line><line number="51" hits="2" branch="false"/><line number="53" hits="3" branch="true" condition-coverage="100% (2/2)"><conditions><condition number="0" type="jump" coverage="100%"/></conditions></line><line number="54" hits="1" branch="false"/><line number="57" hits="2" branch="false"/><line number="58" hits="2" branch="false"/><line number="61" hits="16" branch="false"/><line number="64" hits="16" branch="true" condition-coverage="100% (2/2)"><conditions><condition number="0" type="jump" coverage="100%"/></conditions></line><line number="67" hits="4" branch="false"/><line number="69" hits="4" branch="true" condition-coverage="100% (2/2)"><conditions><condition number="0" type="jump" coverage="100%"/></conditions></line><line number="72" hits="6" branch="false"/><line number="75" hits="6" branch="true" condition-coverage="75% (3/4)"><conditions><condition number="0" type="jump" coverage="75%"/></conditions></line><line number="78" hits="5" branch="false"/><line number="81" hits="5" branch="true" condition-coverage="100% (4/4)"><conditions><condition number="0" type="jump" coverage="100%"/></conditions></line><line number="84" hits="3" branch="false"/><line number="86" hits="3" branch="true" condition-coverage="100% (2/2)"><conditions><condition number="0" type="jump" coverage="100%"/></conditions></line><line number="87" hits="1" branch="false"/><line number="90" hits="2" branch="false"/><line number="91" hits="2" branch="false"/><line number="92" hits="2" branch="false"/></lines></class><class name="sht30_c" filename="src/sht30.c" line-rate="1.0" branch-rate="1.0" complexity="0.0"><methods/><lines><line number="7" hits="10" branch="false"/><line number="9" hits="10" branch="true" condition-coverage="100% (6/6)"><conditions><condition number="0" type="jump" coverage="100%"/></conditions></line><line number="10" hits="2" branch="false"/><line number="11" hits="3" branch="false"/><line number="12" hits="2" branch="false"/><line number="13" hits="1" branch="false"/><line number="14" hits="1" branch="false"/><line number="15" hits="1" branch="false"/><line number="19" hits="15" branch="false"/><line number="21" hits="15" branch="true" condition-coverage="100% (4/4)"><conditions><condition number="0" type="jump" coverage="100%"/></conditions></line><line number="22" hits="2" branch="false"/><line number="24" hits="13" branch="false"/><line number="25" hits="39" branch="true" condition-coverage="100% (2/2)"><conditions><condition number="0" type="jump" coverage="100%"/></conditions></line><line number="26" hits="26" branch="false"/><line number="27" hits="234" branch="true" condition-coverage="100% (2/2)"><conditions><condition number="0" type="jump" coverage="100%"/></conditions></line><line number="29" hits="208" branch="true" condition-coverage="100% (2/2)"><conditions><condition number="0" type="jump" coverage="100%"/></conditions></line><line number="33" hits="13" branch="false"/><line number="36" hits="6" branch="false"/><line number="39" hits="6" branch="false"/><line number="40" hits="6" branch="false"/><line number="43" hits="12" branch="false"/><line number="46" hits="12" branch="true" condition-coverage="100% (4/4)"><conditions><condition number="0" type="jump" coverage="100%"/></conditions></line><line number="47" hits="2" branch="false"/><line number="51" hits="10" branch="false"/><line number="52" hits="10" branch="true" condition-coverage="100% (2/2)"><conditions><condition number="0" type="jump" coverage="100%"/></conditions></line><line number="53" hits="4" branch="false"/><line number="57" hits="6" branch="true" condition-coverage="100% (2/2)"><conditions><condition number="0" type="jump" coverage="100%"/></conditions></line><line number="58" hits="1" branch="false"/><line number="60" hits="5" branch="true" condition-coverage="100% (2/2)"><conditions><condition number="0" type="jump" coverage="100%"/></conditions></line><line number="61" hits="1" branch="false"/><line number="64" hits="4" branch="false"/><line number="65" hits="4" branch="false"/><line number="67" hits="4" branch="false"/><line number="68" hits="4" branch="false"/><line number="69" hits="4" branch="false"/></lines></class></classes></package></packages></coverage>